Performing C SOURCE FILE Test CMAKE_HAVE_LIBC_PTHREAD failed with the following output:
Change Dir: /home/zhangzuo/CLionProjects/demo/my_slam/my_slam-master/src/cmake-build-debug/CMakeFiles/CMakeTmp

Run Build Command(s):/usr/bin/make -f Makefile cmTC_f8a3d/fast && /usr/bin/make  -f CMakeFiles/cmTC_f8a3d.dir/build.make CMakeFiles/cmTC_f8a3d.dir/build
make[1]: 进入目录“/home/zhangzuo/CLionProjects/demo/my_slam/my_slam-master/src/cmake-build-debug/CMakeFiles/CMakeTmp”
Building C object CMakeFiles/cmTC_f8a3d.dir/src.c.o
/usr/bin/cc -DCMAKE_HAVE_LIBC_PTHREAD   -o CMakeFiles/cmTC_f8a3d.dir/src.c.o -c /home/zhangzuo/CLionProjects/demo/my_slam/my_slam-master/src/cmake-build-debug/CMakeFiles/CMakeTmp/src.c
Linking C executable cmTC_f8a3d
/opt/clion-2021.3.3/bin/cmake/linux/bin/cmake -E cmake_link_script CMakeFiles/cmTC_f8a3d.dir/link.txt --verbose=1
/usr/bin/cc -rdynamic CMakeFiles/cmTC_f8a3d.dir/src.c.o -o cmTC_f8a3d 
CMakeFiles/cmTC_f8a3d.dir/src.c.o：在函数‘main’中：
src.c:(.text+0x3e)：对‘pthread_create’未定义的引用
src.c:(.text+0x4a)：对‘pthread_detach’未定义的引用
src.c:(.text+0x56)：对‘pthread_cancel’未定义的引用
src.c:(.text+0x67)：对‘pthread_join’未定义的引用
src.c:(.text+0x7b)：对‘pthread_atfork’未定义的引用
collect2: error: ld returned 1 exit status
CMakeFiles/cmTC_f8a3d.dir/build.make:98: recipe for target 'cmTC_f8a3d' failed
make[1]: *** [cmTC_f8a3d] Error 1
make[1]: 离开目录“/home/zhangzuo/CLionProjects/demo/my_slam/my_slam-master/src/cmake-build-debug/CMakeFiles/CMakeTmp”
Makefile:127: recipe for target 'cmTC_f8a3d/fast' failed
make: *** [cmTC_f8a3d/fast] Error 2


Source file was:
#include <pthread.h>

static void* test_func(void* data)
{
  return data;
}

int main(void)
{
  pthread_t thread;
  pthread_create(&thread, NULL, test_func, NULL);
  pthread_detach(thread);
  pthread_cancel(thread);
  pthread_join(thread, NULL);
  pthread_atfork(NULL, NULL, NULL);
  pthread_exit(NULL);

  return 0;
}

Determining if the function pthread_create exists in the pthreads failed with the following output:
Change Dir: /home/zhangzuo/CLionProjects/demo/my_slam/my_slam-master/src/cmake-build-debug/CMakeFiles/CMakeTmp

Run Build Command(s):/usr/bin/make -f Makefile cmTC_e9f6b/fast && /usr/bin/make  -f CMakeFiles/cmTC_e9f6b.dir/build.make CMakeFiles/cmTC_e9f6b.dir/build
make[1]: 进入目录“/home/zhangzuo/CLionProjects/demo/my_slam/my_slam-master/src/cmake-build-debug/CMakeFiles/CMakeTmp”
Building C object CMakeFiles/cmTC_e9f6b.dir/CheckFunctionExists.c.o
/usr/bin/cc   -DCHECK_FUNCTION_EXISTS=pthread_create -o CMakeFiles/cmTC_e9f6b.dir/CheckFunctionExists.c.o -c /opt/clion-2021.3.3/bin/cmake/linux/share/cmake-3.21/Modules/CheckFunctionExists.c
Linking C executable cmTC_e9f6b
/opt/clion-2021.3.3/bin/cmake/linux/bin/cmake -E cmake_link_script CMakeFiles/cmTC_e9f6b.dir/link.txt --verbose=1
/usr/bin/cc  -DCHECK_FUNCTION_EXISTS=pthread_create -rdynamic CMakeFiles/cmTC_e9f6b.dir/CheckFunctionExists.c.o -o cmTC_e9f6b  -lpthreads 
/usr/bin/ld: 找不到 -lpthreads
collect2: error: ld returned 1 exit status
CMakeFiles/cmTC_e9f6b.dir/build.make:98: recipe for target 'cmTC_e9f6b' failed
make[1]: *** [cmTC_e9f6b] Error 1
make[1]: 离开目录“/home/zhangzuo/CLionProjects/demo/my_slam/my_slam-master/src/cmake-build-debug/CMakeFiles/CMakeTmp”
Makefile:127: recipe for target 'cmTC_e9f6b/fast' failed
make: *** [cmTC_e9f6b/fast] Error 2



