Performing C SOURCE FILE Test CMAKE_HAVE_LIBC_PTHREAD failed with the following output:
Change Dir: /home/zhangzuo/vo_learn/my_slam-master/src/local_map/cmake-build-debug/CMakeFiles/CMakeTmp

Run Build Command(s):/usr/bin/make -f Makefile cmTC_144aa/fast && /usr/bin/make  -f CMakeFiles/cmTC_144aa.dir/build.make CMakeFiles/cmTC_144aa.dir/build
make[1]: 进入目录“/home/zhangzuo/vo_learn/my_slam-master/src/local_map/cmake-build-debug/CMakeFiles/CMakeTmp”
Building C object CMakeFiles/cmTC_144aa.dir/src.c.o
/usr/bin/cc -DCMAKE_HAVE_LIBC_PTHREAD   -o CMakeFiles/cmTC_144aa.dir/src.c.o -c /home/zhangzuo/vo_learn/my_slam-master/src/local_map/cmake-build-debug/CMakeFiles/CMakeTmp/src.c
Linking C executable cmTC_144aa
/home/zhangzuo/文档/clion-2022.1.2/bin/cmake/linux/bin/cmake -E cmake_link_script CMakeFiles/cmTC_144aa.dir/link.txt --verbose=1
/usr/bin/cc -rdynamic CMakeFiles/cmTC_144aa.dir/src.c.o -o cmTC_144aa 
CMakeFiles/cmTC_144aa.dir/src.c.o：在函数‘main’中：
src.c:(.text+0x3e)：对‘pthread_create’未定义的引用
src.c:(.text+0x4a)：对‘pthread_detach’未定义的引用
src.c:(.text+0x56)：对‘pthread_cancel’未定义的引用
src.c:(.text+0x67)：对‘pthread_join’未定义的引用
src.c:(.text+0x7b)：对‘pthread_atfork’未定义的引用
collect2: error: ld returned 1 exit status
CMakeFiles/cmTC_144aa.dir/build.make:98: recipe for target 'cmTC_144aa' failed
make[1]: *** [cmTC_144aa] Error 1
make[1]: 离开目录“/home/zhangzuo/vo_learn/my_slam-master/src/local_map/cmake-build-debug/CMakeFiles/CMakeTmp”
Makefile:127: recipe for target 'cmTC_144aa/fast' failed
make: *** [cmTC_144aa/fast] Error 2


Source file was:
#include <pthread.h>

static void* test_func(void* data)
{
  return data;
}

int main(void)
{
  pthread_t thread;
  pthread_create(&thread, NULL, test_func, NULL);
  pthread_detach(thread);
  pthread_cancel(thread);
  pthread_join(thread, NULL);
  pthread_atfork(NULL, NULL, NULL);
  pthread_exit(NULL);

  return 0;
}

Determining if the function pthread_create exists in the pthreads failed with the following output:
Change Dir: /home/zhangzuo/vo_learn/my_slam-master/src/local_map/cmake-build-debug/CMakeFiles/CMakeTmp

Run Build Command(s):/usr/bin/make -f Makefile cmTC_8efdc/fast && /usr/bin/make  -f CMakeFiles/cmTC_8efdc.dir/build.make CMakeFiles/cmTC_8efdc.dir/build
make[1]: 进入目录“/home/zhangzuo/vo_learn/my_slam-master/src/local_map/cmake-build-debug/CMakeFiles/CMakeTmp”
Building C object CMakeFiles/cmTC_8efdc.dir/CheckFunctionExists.c.o
/usr/bin/cc   -DCHECK_FUNCTION_EXISTS=pthread_create -o CMakeFiles/cmTC_8efdc.dir/CheckFunctionExists.c.o -c /home/zhangzuo/文档/clion-2022.1.2/bin/cmake/linux/share/cmake-3.22/Modules/CheckFunctionExists.c
Linking C executable cmTC_8efdc
/home/zhangzuo/文档/clion-2022.1.2/bin/cmake/linux/bin/cmake -E cmake_link_script CMakeFiles/cmTC_8efdc.dir/link.txt --verbose=1
/usr/bin/cc  -DCHECK_FUNCTION_EXISTS=pthread_create -rdynamic CMakeFiles/cmTC_8efdc.dir/CheckFunctionExists.c.o -o cmTC_8efdc  -lpthreads 
/usr/bin/ld: 找不到 -lpthreads
collect2: error: ld returned 1 exit status
CMakeFiles/cmTC_8efdc.dir/build.make:98: recipe for target 'cmTC_8efdc' failed
make[1]: *** [cmTC_8efdc] Error 1
make[1]: 离开目录“/home/zhangzuo/vo_learn/my_slam-master/src/local_map/cmake-build-debug/CMakeFiles/CMakeTmp”
Makefile:127: recipe for target 'cmTC_8efdc/fast' failed
make: *** [cmTC_8efdc/fast] Error 2



